19/08/2024 00:20:29: Get distributions.
19/08/2024 00:24:21: Get movies.
19/08/2024 00:24:21: Get movie with id 1.
19/08/2024 00:24:22: Get movie with id 1.
19/08/2024 00:24:22: Get movie with id 3.
19/08/2024 00:24:22: Get movie with id 3.
19/08/2024 00:24:22: Get movie with id 5.
19/08/2024 00:24:22: Get movie with id 5.
19/08/2024 00:24:22: Get movie with id 5.
19/08/2024 00:24:22: Get movie with id 1.
19/08/2024 00:24:22: Get movie with id 9.
19/08/2024 00:24:22: Get movie with id 1.
19/08/2024 00:24:22: Get movie with id 7.
19/08/2024 00:24:22: Get movie with id 2.
19/08/2024 00:24:22: Get movie with id 9.
19/08/2024 00:24:22: Get movie with id 3.
19/08/2024 00:24:22: Get movie with id 4.
19/08/2024 00:24:22: Get movie with id 3.
19/08/2024 00:24:22: Get movie with id 7.
19/08/2024 00:24:22: Get movie with id 1.
19/08/2024 00:24:22: Get movie with id 2.
19/08/2024 00:24:24: Get movie with id 2.
19/08/2024 00:32:43: Get movies.
19/08/2024 00:32:43: Get persons.
19/08/2024 00:32:44: Get roles.
19/08/2024 00:32:44: Get reviews.
19/08/2024 00:32:44: Get movie with id 1.
19/08/2024 00:32:44: Get movie with id 1.
19/08/2024 00:32:44: Get movie with id 3.
19/08/2024 00:32:44: Get movie with id 3.
19/08/2024 00:32:44: Get movie with id 5.
19/08/2024 00:32:44: Get movie with id 5.
19/08/2024 00:32:44: Get movie with id 5.
19/08/2024 00:32:44: Get movie with id 1.
19/08/2024 00:32:44: Get movie with id 9.
19/08/2024 00:32:44: Get movie with id 1.
19/08/2024 00:32:44: Get movie with id 7.
19/08/2024 00:32:44: Get movie with id 2.
19/08/2024 00:32:44: Get person with id 4.
19/08/2024 00:32:44: Get person with id 4.
19/08/2024 00:32:44: Get movie with id 9.
19/08/2024 00:32:44: Get person with id 3.
19/08/2024 00:32:44: Get person with id 3.
19/08/2024 00:32:44: Get movie with id 3.
19/08/2024 00:32:44: Get person with id 3.
19/08/2024 00:32:44: Get person with id 3.
19/08/2024 00:32:44: Get movie with id 4.
19/08/2024 00:32:44: Get person with id 4.
19/08/2024 00:32:44: Get person with id 4.
19/08/2024 00:32:44: Get movie with id 3.
19/08/2024 00:32:44: Get person with id 5.
19/08/2024 00:32:44: Get person with id 5.
19/08/2024 00:32:44: Get movie with id 7.
19/08/2024 00:32:44: Get person with id 6.
19/08/2024 00:32:44: Get person with id 6.
19/08/2024 00:32:44: Get movie with id 1.
19/08/2024 00:32:44: Get person with id 7.
19/08/2024 00:32:44: Get person with id 7.
19/08/2024 00:32:44: Get movie with id 2.
19/08/2024 00:32:44: Get person with id 7.
19/08/2024 00:32:44: Get person with id 7.
19/08/2024 00:33:09: Add person: Ana Maria.
19/08/2024 00:33:11: Get movies.
19/08/2024 00:33:11: Get persons.
19/08/2024 00:33:11: Get roles.
19/08/2024 00:33:11: Get reviews.
19/08/2024 00:33:11: Get movie with id 1.
19/08/2024 00:33:11: Get movie with id 1.
19/08/2024 00:33:11: Get movie with id 3.
19/08/2024 00:33:11: Get movie with id 3.
19/08/2024 00:33:11: Get movie with id 5.
19/08/2024 00:33:11: Get movie with id 5.
19/08/2024 00:33:11: Get movie with id 5.
19/08/2024 00:33:11: Get movie with id 1.
19/08/2024 00:33:11: Get movie with id 9.
19/08/2024 00:33:11: Get movie with id 1.
19/08/2024 00:33:11: Get movie with id 7.
19/08/2024 00:33:11: Get movie with id 2.
19/08/2024 00:33:11: Get person with id 4.
19/08/2024 00:33:11: Get person with id 4.
19/08/2024 00:33:11: Get movie with id 9.
19/08/2024 00:33:11: Get person with id 3.
19/08/2024 00:33:11: Get person with id 3.
19/08/2024 00:33:11: Get movie with id 3.
19/08/2024 00:33:11: Get person with id 3.
19/08/2024 00:33:11: Get person with id 3.
19/08/2024 00:33:11: Get movie with id 4.
19/08/2024 00:33:11: Get person with id 4.
19/08/2024 00:33:11: Get person with id 4.
19/08/2024 00:33:11: Get movie with id 3.
19/08/2024 00:33:11: Get person with id 5.
19/08/2024 00:33:11: Get person with id 5.
19/08/2024 00:33:11: Get movie with id 7.
19/08/2024 00:33:11: Get person with id 6.
19/08/2024 00:33:11: Get person with id 6.
19/08/2024 00:33:11: Get movie with id 1.
19/08/2024 00:33:11: Get person with id 7.
19/08/2024 00:33:11: Get person with id 7.
19/08/2024 00:33:11: Get movie with id 2.
19/08/2024 00:33:11: Get person with id 7.
19/08/2024 00:33:11: Get person with id 7.
19/08/2024 00:41:46: Get movies.
19/08/2024 00:41:46: Get persons.
19/08/2024 00:41:46: Get roles.
19/08/2024 00:41:47: Get reviews.
19/08/2024 00:41:47: Get movie with id 1.
19/08/2024 00:41:47: Get movie with id 1.
19/08/2024 00:41:47: Get movie with id 3.
19/08/2024 00:41:47: Get movie with id 3.
19/08/2024 00:41:47: Get movie with id 5.
19/08/2024 00:41:47: Get movie with id 5.
19/08/2024 00:41:47: Get movie with id 5.
19/08/2024 00:41:47: Get movie with id 1.
19/08/2024 00:41:47: Get movie with id 9.
19/08/2024 00:41:47: Get movie with id 1.
19/08/2024 00:41:47: Get movie with id 7.
19/08/2024 00:41:47: Get movie with id 2.
19/08/2024 00:41:47: Get person with id 4.
19/08/2024 00:41:47: Get person with id 4.
19/08/2024 00:41:47: Get movie with id 9.
19/08/2024 00:41:47: Get person with id 3.
19/08/2024 00:41:47: Get person with id 3.
19/08/2024 00:41:47: Get movie with id 3.
19/08/2024 00:41:47: Get person with id 3.
19/08/2024 00:41:47: Get person with id 3.
19/08/2024 00:41:47: Get movie with id 4.
19/08/2024 00:41:47: Get person with id 4.
19/08/2024 00:41:47: Get person with id 4.
19/08/2024 00:41:47: Get movie with id 3.
19/08/2024 00:41:47: Get person with id 5.
19/08/2024 00:41:47: Get person with id 5.
19/08/2024 00:41:47: Get movie with id 7.
19/08/2024 00:41:47: Get person with id 6.
19/08/2024 00:41:47: Get person with id 6.
19/08/2024 00:41:47: Get movie with id 1.
19/08/2024 00:41:47: Get person with id 7.
19/08/2024 00:41:47: Get person with id 7.
19/08/2024 00:41:47: Get movie with id 2.
19/08/2024 00:41:47: Get person with id 7.
19/08/2024 00:41:47: Get person with id 7.
19/08/2024 00:41:53: Get person with id 3.
19/08/2024 00:41:59: Get person with id 12.
19/08/2024 00:42:02: Delete person with id 12.
19/08/2024 00:42:03: Get movies.
19/08/2024 00:42:03: Get persons.
19/08/2024 00:42:03: Get roles.
19/08/2024 00:42:03: Get reviews.
19/08/2024 00:42:03: Get movie with id 1.
19/08/2024 00:42:03: Get movie with id 1.
19/08/2024 00:42:03: Get movie with id 3.
19/08/2024 00:42:03: Get movie with id 3.
19/08/2024 00:42:03: Get movie with id 5.
19/08/2024 00:42:03: Get movie with id 5.
19/08/2024 00:42:03: Get movie with id 5.
19/08/2024 00:42:04: Get movie with id 1.
19/08/2024 00:42:04: Get movie with id 9.
19/08/2024 00:42:04: Get movie with id 1.
19/08/2024 00:42:04: Get movie with id 7.
19/08/2024 00:42:04: Get movie with id 2.
19/08/2024 00:42:04: Get person with id 4.
19/08/2024 00:42:04: Get person with id 4.
19/08/2024 00:42:04: Get movie with id 9.
19/08/2024 00:42:04: Get person with id 3.
19/08/2024 00:42:04: Get person with id 3.
19/08/2024 00:42:04: Get movie with id 3.
19/08/2024 00:42:04: Get person with id 3.
19/08/2024 00:42:04: Get person with id 3.
19/08/2024 00:42:04: Get movie with id 4.
19/08/2024 00:42:04: Get person with id 4.
19/08/2024 00:42:04: Get person with id 4.
19/08/2024 00:42:04: Get movie with id 3.
19/08/2024 00:42:04: Get person with id 5.
19/08/2024 00:42:04: Get person with id 5.
19/08/2024 00:42:04: Get movie with id 7.
19/08/2024 00:42:04: Get person with id 6.
19/08/2024 00:42:04: Get person with id 6.
19/08/2024 00:42:04: Get movie with id 1.
19/08/2024 00:42:04: Get person with id 7.
19/08/2024 00:42:04: Get person with id 7.
19/08/2024 00:42:04: Get movie with id 2.
19/08/2024 00:42:04: Get person with id 7.
19/08/2024 00:42:04: Get person with id 7.
19/08/2024 00:42:10: Get movies.
19/08/2024 00:42:10: Get persons.
19/08/2024 00:42:31: Get movies.
19/08/2024 00:42:31: Get persons.
19/08/2024 01:04:02: Get roles.
19/08/2024 01:04:43: Post role: Actor.
19/08/2024 01:04:50: Get roles.
19/08/2024 01:16:52: Get movies.
19/08/2024 01:16:52: Get persons.
19/08/2024 01:16:52: Get roles.
19/08/2024 01:16:52: Get reviews.
19/08/2024 01:16:52: Get movie with id 1.
19/08/2024 01:16:52: Get movie with id 1.
19/08/2024 01:16:52: Get movie with id 3.
19/08/2024 01:16:52: Get movie with id 3.
19/08/2024 01:16:52: Get movie with id 5.
19/08/2024 01:16:52: Get movie with id 5.
19/08/2024 01:16:52: Get movie with id 5.
19/08/2024 01:16:52: Get movie with id 1.
19/08/2024 01:16:52: Get movie with id 9.
19/08/2024 01:16:52: Get movie with id 1.
19/08/2024 01:16:52: Get movie with id 7.
19/08/2024 01:16:52: Get movie with id 2.
19/08/2024 01:16:52: Get person with id 4.
19/08/2024 01:16:52: Get person with id 4.
19/08/2024 01:16:52: Get movie with id 9.
19/08/2024 01:16:52: Get person with id 3.
19/08/2024 01:16:52: Get person with id 3.
19/08/2024 01:16:52: Get movie with id 3.
19/08/2024 01:16:52: Get person with id 3.
19/08/2024 01:16:52: Get person with id 3.
19/08/2024 01:16:52: Get movie with id 4.
19/08/2024 01:16:52: Get person with id 4.
19/08/2024 01:16:52: Get person with id 4.
19/08/2024 01:16:52: Get movie with id 3.
19/08/2024 01:16:52: Get person with id 5.
19/08/2024 01:16:52: Get person with id 5.
19/08/2024 01:16:52: Get movie with id 7.
19/08/2024 01:16:52: Get person with id 6.
19/08/2024 01:16:52: Get person with id 6.
19/08/2024 01:16:52: Get movie with id 1.
19/08/2024 01:16:52: Get person with id 7.
19/08/2024 01:16:52: Get person with id 7.
19/08/2024 01:16:52: Get movie with id 2.
19/08/2024 01:16:52: Get person with id 7.
19/08/2024 01:16:52: Get person with id 7.
19/08/2024 01:16:52: Get movie with id 9.
19/08/2024 01:16:52: Get person with id 3.
19/08/2024 01:16:52: Get person with id 3.
19/08/2024 01:16:56: Get movies.
19/08/2024 01:16:56: Get persons.
19/08/2024 01:17:18: Get movies.
19/08/2024 01:17:18: Get persons.
19/08/2024 01:17:19: Post role: Actor.
19/08/2024 01:17:20: Get movies.
19/08/2024 01:17:20: Get persons.
19/08/2024 01:17:20: Get roles.
19/08/2024 01:17:20: Get reviews.
19/08/2024 01:17:20: Get movie with id 1.
19/08/2024 01:17:20: Get movie with id 1.
19/08/2024 01:17:20: Get movie with id 3.
19/08/2024 01:17:20: Get movie with id 3.
19/08/2024 01:17:20: Get movie with id 5.
19/08/2024 01:17:20: Get movie with id 5.
19/08/2024 01:17:20: Get movie with id 5.
19/08/2024 01:17:20: Get movie with id 1.
19/08/2024 01:17:20: Get movie with id 9.
19/08/2024 01:17:20: Get movie with id 1.
19/08/2024 01:17:20: Get movie with id 7.
19/08/2024 01:17:20: Get movie with id 2.
19/08/2024 01:17:20: Get person with id 4.
19/08/2024 01:17:20: Get person with id 4.
19/08/2024 01:17:20: Get movie with id 9.
19/08/2024 01:17:20: Get person with id 3.
19/08/2024 01:17:20: Get person with id 3.
19/08/2024 01:17:20: Get movie with id 3.
19/08/2024 01:17:20: Get person with id 3.
19/08/2024 01:17:20: Get person with id 3.
19/08/2024 01:17:20: Get movie with id 4.
19/08/2024 01:17:20: Get person with id 4.
19/08/2024 01:17:20: Get person with id 4.
19/08/2024 01:17:20: Get movie with id 3.
19/08/2024 01:17:20: Get person with id 5.
19/08/2024 01:17:20: Get person with id 5.
19/08/2024 01:17:20: Get movie with id 7.
19/08/2024 01:17:20: Get person with id 6.
19/08/2024 01:17:20: Get person with id 6.
19/08/2024 01:17:20: Get movie with id 1.
19/08/2024 01:17:20: Get person with id 7.
19/08/2024 01:17:20: Get person with id 7.
19/08/2024 01:17:20: Get movie with id 2.
19/08/2024 01:17:20: Get person with id 7.
19/08/2024 01:17:20: Get person with id 7.
19/08/2024 01:17:20: Get movie with id 9.
19/08/2024 01:17:20: Get person with id 3.
19/08/2024 01:17:20: Get person with id 3.
19/08/2024 01:17:20: Get movie with id 6.
19/08/2024 01:17:21: Get person with id 10.
19/08/2024 01:17:21: Get person with id 10.
19/08/2024 10:14:58: Get movies.
19/08/2024 10:14:58: Get persons.
19/08/2024 10:14:58: Get roles.
19/08/2024 10:14:58: Get reviews.
19/08/2024 10:14:58: Get movie with id 1.
19/08/2024 10:14:58: Get movie with id 1.
19/08/2024 10:14:58: Get movie with id 3.
19/08/2024 10:14:58: Get movie with id 3.
19/08/2024 10:14:58: Get movie with id 5.
19/08/2024 10:14:58: Get movie with id 5.
19/08/2024 10:14:58: Get movie with id 5.
19/08/2024 10:14:58: Get movie with id 1.
19/08/2024 10:14:58: Get movie with id 9.
19/08/2024 10:14:58: Get movie with id 1.
19/08/2024 10:14:58: Get movie with id 7.
19/08/2024 10:14:58: Get movie with id 2.
19/08/2024 10:14:58: Get person with id 4.
19/08/2024 10:14:58: Get person with id 4.
19/08/2024 10:14:58: Get movie with id 9.
19/08/2024 10:14:58: Get person with id 3.
19/08/2024 10:14:58: Get person with id 3.
19/08/2024 10:14:58: Get movie with id 3.
19/08/2024 10:14:58: Get person with id 3.
19/08/2024 10:14:58: Get person with id 3.
19/08/2024 10:14:58: Get movie with id 4.
19/08/2024 10:14:58: Get person with id 4.
19/08/2024 10:14:58: Get person with id 4.
19/08/2024 10:14:58: Get movie with id 3.
19/08/2024 10:14:58: Get person with id 5.
19/08/2024 10:14:58: Get person with id 5.
19/08/2024 10:14:58: Get movie with id 7.
19/08/2024 10:14:58: Get person with id 6.
19/08/2024 10:14:58: Get person with id 6.
19/08/2024 10:14:58: Get movie with id 1.
19/08/2024 10:14:58: Get person with id 7.
19/08/2024 10:14:59: Get person with id 7.
19/08/2024 10:14:59: Get movie with id 2.
19/08/2024 10:14:59: Get person with id 7.
19/08/2024 10:14:59: Get person with id 7.
19/08/2024 10:14:59: Get movie with id 9.
19/08/2024 10:14:59: Get person with id 3.
19/08/2024 10:14:59: Get person with id 3.
19/08/2024 10:14:59: Get movie with id 6.
19/08/2024 10:14:59: Get person with id 10.
19/08/2024 10:14:59: Get person with id 10.
19/08/2024 10:15:01: Get review with id 3.
19/08/2024 10:15:01: Get movies.
19/08/2024 10:15:08: Get review with id 18.
19/08/2024 10:15:08: Get movies.
19/08/2024 10:17:05: Get movies.
19/08/2024 10:17:06: Get persons.
19/08/2024 10:17:06: Get roles.
19/08/2024 10:17:06: Get reviews.
19/08/2024 10:17:06: Get movie with id 1.
19/08/2024 10:17:06: Get movie with id 1.
19/08/2024 10:17:06: Get movie with id 3.
19/08/2024 10:17:06: Get movie with id 3.
19/08/2024 10:17:06: Get movie with id 5.
19/08/2024 10:17:06: Get movie with id 5.
19/08/2024 10:17:06: Get movie with id 5.
19/08/2024 10:17:06: Get movie with id 1.
19/08/2024 10:17:06: Get movie with id 9.
19/08/2024 10:17:06: Get movie with id 1.
19/08/2024 10:17:06: Get movie with id 7.
19/08/2024 10:17:06: Get movie with id 2.
19/08/2024 10:17:06: Get person with id 4.
19/08/2024 10:17:06: Get person with id 4.
19/08/2024 10:17:06: Get movie with id 9.
19/08/2024 10:17:06: Get person with id 3.
19/08/2024 10:17:06: Get person with id 3.
19/08/2024 10:17:06: Get movie with id 3.
19/08/2024 10:17:06: Get person with id 3.
19/08/2024 10:17:06: Get person with id 3.
19/08/2024 10:17:06: Get movie with id 4.
19/08/2024 10:17:06: Get person with id 4.
19/08/2024 10:17:06: Get person with id 4.
19/08/2024 10:17:06: Get movie with id 3.
19/08/2024 10:17:06: Get person with id 5.
19/08/2024 10:17:06: Get person with id 5.
19/08/2024 10:17:06: Get movie with id 7.
19/08/2024 10:17:06: Get person with id 6.
19/08/2024 10:17:06: Get person with id 6.
19/08/2024 10:17:06: Get movie with id 1.
19/08/2024 10:17:06: Get person with id 7.
19/08/2024 10:17:06: Get person with id 7.
19/08/2024 10:17:06: Get movie with id 2.
19/08/2024 10:17:06: Get person with id 7.
19/08/2024 10:17:06: Get person with id 7.
19/08/2024 10:17:06: Get movie with id 9.
19/08/2024 10:17:06: Get person with id 3.
19/08/2024 10:17:06: Get person with id 3.
19/08/2024 10:17:06: Get movie with id 6.
19/08/2024 10:17:06: Get person with id 10.
19/08/2024 10:17:06: Get person with id 10.
19/08/2024 10:17:15: Get review with id 3.
19/08/2024 10:17:15: Get movies.
19/08/2024 10:18:38: Get movies.
19/08/2024 10:18:38: Get persons.
19/08/2024 10:18:38: Get roles.
19/08/2024 10:18:38: Get reviews.
19/08/2024 10:18:38: Get movie with id 1.
19/08/2024 10:18:38: Get movie with id 1.
19/08/2024 10:18:38: Get movie with id 3.
19/08/2024 10:18:38: Get movie with id 3.
19/08/2024 10:18:38: Get movie with id 5.
19/08/2024 10:18:38: Get movie with id 5.
19/08/2024 10:18:38: Get movie with id 5.
19/08/2024 10:18:38: Get movie with id 1.
19/08/2024 10:18:38: Get movie with id 9.
19/08/2024 10:18:38: Get movie with id 1.
19/08/2024 10:18:38: Get movie with id 7.
19/08/2024 10:18:38: Get movie with id 2.
19/08/2024 10:18:38: Get person with id 4.
19/08/2024 10:18:38: Get person with id 4.
19/08/2024 10:18:38: Get movie with id 9.
19/08/2024 10:18:38: Get person with id 3.
19/08/2024 10:18:38: Get person with id 3.
19/08/2024 10:18:38: Get movie with id 3.
19/08/2024 10:18:38: Get person with id 3.
19/08/2024 10:18:38: Get person with id 3.
19/08/2024 10:18:38: Get movie with id 4.
19/08/2024 10:18:38: Get person with id 4.
19/08/2024 10:18:39: Get person with id 4.
19/08/2024 10:18:39: Get movie with id 3.
19/08/2024 10:18:39: Get person with id 5.
19/08/2024 10:18:39: Get person with id 5.
19/08/2024 10:18:39: Get movie with id 7.
19/08/2024 10:18:39: Get person with id 6.
19/08/2024 10:18:39: Get person with id 6.
19/08/2024 10:18:39: Get movie with id 1.
19/08/2024 10:18:39: Get person with id 7.
19/08/2024 10:18:39: Get person with id 7.
19/08/2024 10:18:39: Get movie with id 2.
19/08/2024 10:18:39: Get person with id 7.
19/08/2024 10:18:39: Get person with id 7.
19/08/2024 10:18:39: Get movie with id 9.
19/08/2024 10:18:39: Get person with id 3.
19/08/2024 10:18:39: Get person with id 3.
19/08/2024 10:18:39: Get movie with id 6.
19/08/2024 10:18:39: Get person with id 10.
19/08/2024 10:18:39: Get person with id 10.
19/08/2024 10:18:54: Get review with id 2.
19/08/2024 10:18:54: Get movies.
19/08/2024 10:18:59: Get review with id 18.
19/08/2024 10:18:59: Get movies.
19/08/2024 10:19:02: Delete review with id 18.
19/08/2024 10:19:03: Get movies.
19/08/2024 10:19:03: Get persons.
19/08/2024 10:19:03: Get roles.
19/08/2024 10:19:03: Get reviews.
19/08/2024 10:19:03: Get movie with id 1.
19/08/2024 10:19:03: Get movie with id 1.
19/08/2024 10:19:03: Get movie with id 3.
19/08/2024 10:19:03: Get movie with id 3.
19/08/2024 10:19:03: Get movie with id 5.
19/08/2024 10:19:03: Get movie with id 5.
19/08/2024 10:19:03: Get movie with id 5.
19/08/2024 10:19:03: Get movie with id 1.
19/08/2024 10:19:03: Get movie with id 9.
19/08/2024 10:19:03: Get movie with id 1.
19/08/2024 10:19:03: Get movie with id 2.
19/08/2024 10:19:03: Get person with id 4.
19/08/2024 10:19:03: Get person with id 4.
19/08/2024 10:19:03: Get movie with id 9.
19/08/2024 10:19:03: Get person with id 3.
19/08/2024 10:19:03: Get person with id 3.
19/08/2024 10:19:03: Get movie with id 3.
19/08/2024 10:19:03: Get person with id 3.
19/08/2024 10:19:03: Get person with id 3.
19/08/2024 10:19:03: Get movie with id 4.
19/08/2024 10:19:03: Get person with id 4.
19/08/2024 10:19:03: Get person with id 4.
19/08/2024 10:19:03: Get movie with id 3.
19/08/2024 10:19:03: Get person with id 5.
19/08/2024 10:19:03: Get person with id 5.
19/08/2024 10:19:03: Get movie with id 7.
19/08/2024 10:19:03: Get person with id 6.
19/08/2024 10:19:03: Get person with id 6.
19/08/2024 10:19:03: Get movie with id 1.
19/08/2024 10:19:03: Get person with id 7.
19/08/2024 10:19:03: Get person with id 7.
19/08/2024 10:19:03: Get movie with id 2.
19/08/2024 10:19:03: Get person with id 7.
19/08/2024 10:19:03: Get person with id 7.
19/08/2024 10:19:03: Get movie with id 9.
19/08/2024 10:19:03: Get person with id 3.
19/08/2024 10:19:03: Get person with id 3.
19/08/2024 10:19:03: Get movie with id 6.
19/08/2024 10:19:03: Get person with id 10.
19/08/2024 10:19:03: Get person with id 10.
19/08/2024 10:19:08: Get review with id 11.
19/08/2024 10:19:09: Get movies.
19/08/2024 10:19:18: Get movies.
19/08/2024 10:19:18: Update review with id 0.
19/08/2024 10:19:20: Get movies.
19/08/2024 10:19:20: Get persons.
19/08/2024 10:19:20: Get roles.
19/08/2024 10:19:20: Get reviews.
19/08/2024 10:19:20: Get movie with id 1.
19/08/2024 10:19:20: Get movie with id 1.
19/08/2024 10:19:20: Get movie with id 3.
19/08/2024 10:19:20: Get movie with id 3.
19/08/2024 10:19:20: Get movie with id 5.
19/08/2024 10:19:20: Get movie with id 5.
19/08/2024 10:19:20: Get movie with id 5.
19/08/2024 10:19:20: Get movie with id 1.
19/08/2024 10:19:20: Get movie with id 9.
19/08/2024 10:19:20: Get movie with id 1.
19/08/2024 10:19:20: Get movie with id 1.
19/08/2024 10:19:20: Get movie with id 2.
19/08/2024 10:19:20: Get person with id 4.
19/08/2024 10:19:20: Get person with id 4.
19/08/2024 10:19:20: Get movie with id 9.
19/08/2024 10:19:20: Get person with id 3.
19/08/2024 10:19:20: Get person with id 3.
19/08/2024 10:19:20: Get movie with id 3.
19/08/2024 10:19:20: Get person with id 3.
19/08/2024 10:19:20: Get person with id 3.
19/08/2024 10:19:20: Get movie with id 4.
19/08/2024 10:19:20: Get person with id 4.
19/08/2024 10:19:20: Get person with id 4.
19/08/2024 10:19:20: Get movie with id 3.
19/08/2024 10:19:20: Get person with id 5.
19/08/2024 10:19:20: Get person with id 5.
19/08/2024 10:19:20: Get movie with id 7.
19/08/2024 10:19:20: Get person with id 6.
19/08/2024 10:19:20: Get person with id 6.
19/08/2024 10:19:20: Get movie with id 1.
19/08/2024 10:19:20: Get person with id 7.
19/08/2024 10:19:20: Get person with id 7.
19/08/2024 10:19:20: Get movie with id 2.
19/08/2024 10:19:20: Get person with id 7.
19/08/2024 10:19:20: Get person with id 7.
19/08/2024 10:19:20: Get movie with id 9.
19/08/2024 10:19:20: Get person with id 3.
19/08/2024 10:19:20: Get person with id 3.
19/08/2024 10:19:20: Get movie with id 6.
19/08/2024 10:19:20: Get person with id 10.
19/08/2024 10:19:20: Get person with id 10.
19/08/2024 10:19:39: Get review with id 11.
19/08/2024 10:19:39: Get movies.
19/08/2024 10:19:42: Delete review with id 11.
19/08/2024 10:19:43: Get movies.
19/08/2024 10:19:43: Get persons.
19/08/2024 10:19:43: Get roles.
19/08/2024 10:19:43: Get reviews.
19/08/2024 10:19:43: Get movie with id 1.
19/08/2024 10:19:43: Get movie with id 1.
19/08/2024 10:19:43: Get movie with id 3.
19/08/2024 10:19:43: Get movie with id 3.
19/08/2024 10:19:43: Get movie with id 5.
19/08/2024 10:19:43: Get movie with id 5.
19/08/2024 10:19:43: Get movie with id 5.
19/08/2024 10:19:43: Get movie with id 1.
19/08/2024 10:19:43: Get movie with id 9.
19/08/2024 10:19:43: Get movie with id 1.
19/08/2024 10:19:43: Get movie with id 2.
19/08/2024 10:19:43: Get person with id 4.
19/08/2024 10:19:43: Get person with id 4.
19/08/2024 10:19:43: Get movie with id 9.
19/08/2024 10:19:43: Get person with id 3.
19/08/2024 10:19:43: Get person with id 3.
19/08/2024 10:19:43: Get movie with id 3.
19/08/2024 10:19:43: Get person with id 3.
19/08/2024 10:19:43: Get person with id 3.
19/08/2024 10:19:43: Get movie with id 4.
19/08/2024 10:19:43: Get person with id 4.
19/08/2024 10:19:43: Get person with id 4.
19/08/2024 10:19:43: Get movie with id 3.
19/08/2024 10:19:43: Get person with id 5.
19/08/2024 10:19:43: Get person with id 5.
19/08/2024 10:19:43: Get movie with id 7.
19/08/2024 10:19:43: Get person with id 6.
19/08/2024 10:19:43: Get person with id 6.
19/08/2024 10:19:43: Get movie with id 1.
19/08/2024 10:19:43: Get person with id 7.
19/08/2024 10:19:43: Get person with id 7.
19/08/2024 10:19:43: Get movie with id 2.
19/08/2024 10:19:43: Get person with id 7.
19/08/2024 10:19:43: Get person with id 7.
19/08/2024 10:19:43: Get movie with id 9.
19/08/2024 10:19:43: Get person with id 3.
19/08/2024 10:19:43: Get person with id 3.
19/08/2024 10:19:43: Get movie with id 6.
19/08/2024 10:19:43: Get person with id 10.
19/08/2024 10:19:43: Get person with id 10.
19/08/2024 10:23:49: Get movies.
19/08/2024 10:23:49: Get persons.
19/08/2024 10:23:50: Get roles.
19/08/2024 10:23:50: Get reviews.
19/08/2024 10:23:50: Get movie with id 1.
19/08/2024 10:23:50: Get movie with id 1.
19/08/2024 10:23:50: Get movie with id 3.
19/08/2024 10:23:50: Get movie with id 3.
19/08/2024 10:23:50: Get movie with id 5.
19/08/2024 10:23:50: Get movie with id 5.
19/08/2024 10:23:50: Get movie with id 5.
19/08/2024 10:23:50: Get movie with id 1.
19/08/2024 10:23:50: Get movie with id 9.
19/08/2024 10:23:50: Get movie with id 1.
19/08/2024 10:23:50: Get movie with id 2.
19/08/2024 10:23:50: Get person with id 4.
19/08/2024 10:23:50: Get person with id 4.
19/08/2024 10:23:50: Get movie with id 9.
19/08/2024 10:23:50: Get person with id 3.
19/08/2024 10:23:50: Get person with id 3.
19/08/2024 10:23:50: Get movie with id 3.
19/08/2024 10:23:50: Get person with id 3.
19/08/2024 10:23:50: Get person with id 3.
19/08/2024 10:23:50: Get movie with id 4.
19/08/2024 10:23:50: Get person with id 4.
19/08/2024 10:23:50: Get person with id 4.
19/08/2024 10:23:50: Get movie with id 3.
19/08/2024 10:23:50: Get person with id 5.
19/08/2024 10:23:50: Get person with id 5.
19/08/2024 10:23:50: Get movie with id 7.
19/08/2024 10:23:50: Get person with id 6.
19/08/2024 10:23:50: Get person with id 6.
19/08/2024 10:23:50: Get movie with id 1.
19/08/2024 10:23:50: Get person with id 7.
19/08/2024 10:23:50: Get person with id 7.
19/08/2024 10:23:50: Get movie with id 2.
19/08/2024 10:23:50: Get person with id 7.
19/08/2024 10:23:50: Get person with id 7.
19/08/2024 10:23:50: Get movie with id 9.
19/08/2024 10:23:50: Get person with id 3.
19/08/2024 10:23:50: Get person with id 3.
19/08/2024 10:23:50: Get movie with id 6.
19/08/2024 10:23:50: Get person with id 10.
19/08/2024 10:23:50: Get person with id 10.
19/08/2024 10:23:53: Get review with id 19.
19/08/2024 10:23:53: Get movies.
19/08/2024 10:23:57: Get movies.
19/08/2024 10:23:57: Update review with id 0.
19/08/2024 10:23:58: Get movies.
19/08/2024 10:23:58: Get persons.
19/08/2024 10:23:58: Get roles.
19/08/2024 10:23:58: Get reviews.
19/08/2024 10:23:58: Get movie with id 1.
19/08/2024 10:23:58: Get movie with id 1.
19/08/2024 10:23:58: Get movie with id 3.
19/08/2024 10:23:58: Get movie with id 3.
19/08/2024 10:23:58: Get movie with id 5.
19/08/2024 10:23:58: Get movie with id 5.
19/08/2024 10:23:58: Get movie with id 5.
19/08/2024 10:23:58: Get movie with id 1.
19/08/2024 10:23:58: Get movie with id 9.
19/08/2024 10:23:58: Get movie with id 1.
19/08/2024 10:23:58: Get movie with id 1.
19/08/2024 10:23:58: Get movie with id 2.
19/08/2024 10:23:58: Get person with id 4.
19/08/2024 10:23:58: Get person with id 4.
19/08/2024 10:23:58: Get movie with id 9.
19/08/2024 10:23:58: Get person with id 3.
19/08/2024 10:23:58: Get person with id 3.
19/08/2024 10:23:58: Get movie with id 3.
19/08/2024 10:23:58: Get person with id 3.
19/08/2024 10:23:58: Get person with id 3.
19/08/2024 10:23:58: Get movie with id 4.
19/08/2024 10:23:58: Get person with id 4.
19/08/2024 10:23:58: Get person with id 4.
19/08/2024 10:23:58: Get movie with id 3.
19/08/2024 10:23:58: Get person with id 5.
19/08/2024 10:23:58: Get person with id 5.
19/08/2024 10:23:58: Get movie with id 7.
19/08/2024 10:23:58: Get person with id 6.
19/08/2024 10:23:58: Get person with id 6.
19/08/2024 10:23:58: Get movie with id 1.
19/08/2024 10:23:58: Get person with id 7.
19/08/2024 10:23:58: Get person with id 7.
19/08/2024 10:23:58: Get movie with id 2.
19/08/2024 10:23:58: Get person with id 7.
19/08/2024 10:23:58: Get person with id 7.
19/08/2024 10:23:58: Get movie with id 9.
19/08/2024 10:23:58: Get person with id 3.
19/08/2024 10:23:59: Get person with id 3.
19/08/2024 10:23:59: Get movie with id 6.
19/08/2024 10:23:59: Get person with id 10.
19/08/2024 10:23:59: Get person with id 10.
19/08/2024 10:24:03: Get review with id 19.
19/08/2024 10:24:03: Get movies.
19/08/2024 10:24:06: Delete review with id 19.
19/08/2024 10:24:07: Get movies.
19/08/2024 10:24:07: Get persons.
19/08/2024 10:24:07: Get roles.
19/08/2024 10:24:07: Get reviews.
19/08/2024 10:24:07: Get movie with id 1.
19/08/2024 10:24:07: Get movie with id 1.
19/08/2024 10:24:07: Get movie with id 3.
19/08/2024 10:24:07: Get movie with id 3.
19/08/2024 10:24:07: Get movie with id 5.
19/08/2024 10:24:07: Get movie with id 5.
19/08/2024 10:24:07: Get movie with id 5.
19/08/2024 10:24:07: Get movie with id 1.
19/08/2024 10:24:07: Get movie with id 9.
19/08/2024 10:24:07: Get movie with id 1.
19/08/2024 10:24:07: Get movie with id 2.
19/08/2024 10:24:07: Get person with id 4.
19/08/2024 10:24:07: Get person with id 4.
19/08/2024 10:24:07: Get movie with id 9.
19/08/2024 10:24:07: Get person with id 3.
19/08/2024 10:24:07: Get person with id 3.
19/08/2024 10:24:07: Get movie with id 3.
19/08/2024 10:24:08: Get person with id 3.
19/08/2024 10:24:08: Get person with id 3.
19/08/2024 10:24:08: Get movie with id 4.
19/08/2024 10:24:08: Get person with id 4.
19/08/2024 10:24:08: Get person with id 4.
19/08/2024 10:24:08: Get movie with id 3.
19/08/2024 10:24:08: Get person with id 5.
19/08/2024 10:24:08: Get person with id 5.
19/08/2024 10:24:08: Get movie with id 7.
19/08/2024 10:24:08: Get person with id 6.
19/08/2024 10:24:08: Get person with id 6.
19/08/2024 10:24:08: Get movie with id 1.
19/08/2024 10:24:08: Get person with id 7.
19/08/2024 10:24:08: Get person with id 7.
19/08/2024 10:24:08: Get movie with id 2.
19/08/2024 10:24:08: Get person with id 7.
19/08/2024 10:24:08: Get person with id 7.
19/08/2024 10:24:08: Get movie with id 9.
19/08/2024 10:24:08: Get person with id 3.
19/08/2024 10:24:08: Get person with id 3.
19/08/2024 10:24:08: Get movie with id 6.
19/08/2024 10:24:08: Get person with id 10.
19/08/2024 10:24:08: Get person with id 10.
19/08/2024 10:24:16: Get role with id 10.
19/08/2024 10:24:16: Get movies.
19/08/2024 10:24:16: Get persons.
19/08/2024 10:24:22: Get movies.
19/08/2024 10:24:22: Get persons.
19/08/2024 10:24:22: Update role with id 0.
19/08/2024 10:24:23: Get movies.
19/08/2024 10:24:23: Get persons.
19/08/2024 10:24:23: Get roles.
19/08/2024 10:24:23: Get reviews.
19/08/2024 10:24:23: Get movie with id 1.
19/08/2024 10:24:23: Get movie with id 1.
19/08/2024 10:24:23: Get movie with id 3.
19/08/2024 10:24:23: Get movie with id 3.
19/08/2024 10:24:23: Get movie with id 5.
19/08/2024 10:24:23: Get movie with id 5.
19/08/2024 10:24:23: Get movie with id 5.
19/08/2024 10:24:23: Get movie with id 1.
19/08/2024 10:24:23: Get movie with id 9.
19/08/2024 10:24:23: Get movie with id 1.
19/08/2024 10:24:23: Get movie with id 2.
19/08/2024 10:24:23: Get person with id 4.
19/08/2024 10:24:23: Get person with id 4.
19/08/2024 10:24:23: Get movie with id 9.
19/08/2024 10:24:23: Get person with id 3.
19/08/2024 10:24:23: Get person with id 3.
19/08/2024 10:24:23: Get movie with id 3.
19/08/2024 10:24:23: Get person with id 3.
19/08/2024 10:24:23: Get person with id 3.
19/08/2024 10:24:23: Get movie with id 4.
19/08/2024 10:24:23: Get person with id 4.
19/08/2024 10:24:23: Get person with id 4.
19/08/2024 10:24:23: Get movie with id 3.
19/08/2024 10:24:23: Get person with id 5.
19/08/2024 10:24:23: Get person with id 5.
19/08/2024 10:24:23: Get movie with id 7.
19/08/2024 10:24:23: Get person with id 6.
19/08/2024 10:24:23: Get person with id 6.
19/08/2024 10:24:23: Get movie with id 1.
19/08/2024 10:24:23: Get person with id 7.
19/08/2024 10:24:23: Get person with id 7.
19/08/2024 10:24:23: Get movie with id 2.
19/08/2024 10:24:23: Get person with id 7.
19/08/2024 10:24:23: Get person with id 7.
19/08/2024 10:24:23: Get movie with id 9.
19/08/2024 10:24:23: Get person with id 3.
19/08/2024 10:24:23: Get person with id 3.
19/08/2024 10:24:23: Get movie with id 6.
19/08/2024 10:24:23: Get person with id 10.
19/08/2024 10:24:23: Get person with id 10.
19/08/2024 10:24:23: Get movie with id 6.
19/08/2024 10:24:23: Get person with id 10.
19/08/2024 10:24:23: Get person with id 10.
19/08/2024 10:24:28: Get role with id 10.
19/08/2024 10:24:28: Get movies.
19/08/2024 10:24:28: Get persons.
19/08/2024 10:24:32: Delete role with id 10.
19/08/2024 10:24:33: Get movies.
19/08/2024 10:24:33: Get persons.
19/08/2024 10:24:33: Get roles.
19/08/2024 10:24:33: Get reviews.
19/08/2024 10:24:33: Get movie with id 1.
19/08/2024 10:24:33: Get movie with id 1.
19/08/2024 10:24:33: Get movie with id 3.
19/08/2024 10:24:33: Get movie with id 3.
19/08/2024 10:24:33: Get movie with id 5.
19/08/2024 10:24:33: Get movie with id 5.
19/08/2024 10:24:33: Get movie with id 5.
19/08/2024 10:24:33: Get movie with id 1.
19/08/2024 10:24:33: Get movie with id 9.
19/08/2024 10:24:33: Get movie with id 1.
19/08/2024 10:24:33: Get movie with id 2.
19/08/2024 10:24:33: Get person with id 4.
19/08/2024 10:24:33: Get person with id 4.
19/08/2024 10:24:33: Get movie with id 9.
19/08/2024 10:24:33: Get person with id 3.
19/08/2024 10:24:33: Get person with id 3.
19/08/2024 10:24:33: Get movie with id 3.
19/08/2024 10:24:33: Get person with id 3.
19/08/2024 10:24:33: Get person with id 3.
19/08/2024 10:24:33: Get movie with id 4.
19/08/2024 10:24:33: Get person with id 4.
19/08/2024 10:24:33: Get person with id 4.
19/08/2024 10:24:33: Get movie with id 3.
19/08/2024 10:24:33: Get person with id 5.
19/08/2024 10:24:33: Get person with id 5.
19/08/2024 10:24:33: Get movie with id 7.
19/08/2024 10:24:33: Get person with id 6.
19/08/2024 10:24:33: Get person with id 6.
19/08/2024 10:24:33: Get movie with id 1.
19/08/2024 10:24:33: Get person with id 7.
19/08/2024 10:24:33: Get person with id 7.
19/08/2024 10:24:33: Get movie with id 2.
19/08/2024 10:24:33: Get person with id 7.
19/08/2024 10:24:33: Get person with id 7.
19/08/2024 10:24:33: Get movie with id 9.
19/08/2024 10:24:33: Get person with id 3.
19/08/2024 10:24:33: Get person with id 3.
19/08/2024 10:24:33: Get movie with id 6.
19/08/2024 10:24:33: Get person with id 10.
19/08/2024 10:24:33: Get person with id 10.
19/08/2024 10:25:03: Get reviews.
19/08/2024 10:26:18: Update review with id 20.
19/08/2024 10:26:29: Get reviews.
